<?xml version="1.0" encoding="UTF-8"?>
<!-- Generated by org.testng.reporters.JUnitReportReporter -->
<testsuite skipped="1" hostname="Admin-PC" name="Test_data.Logine_page_est" tests="2" failures="0" timestamp="24 Jan 2020 13:55:26 GMT" time="3.159" errors="1">
  <testcase name="Logine_Page_Test" time="0.000" classname="Test_data.Logine_page_est">
    <skipped/>
  </testcase> <!-- Logine_Page_Test -->
  <testcase name="Open_Browser" time="3.159" classname="Test_data.Logine_page_est">
    <error type="org.openqa.selenium.SessionNotCreatedException" message="session not created: This version of ChromeDriver only supports Chrome version 77
Build info: version: &#039;3.14.0&#039;, revision: &#039;aacccce0&#039;, time: &#039;2018-08-02T20:19:58.91Z&#039;
System info: host: &#039;ADMIN-PC&#039;, ip: &#039;192.168.0.13&#039;, os.name: &#039;Windows 7&#039;, os.arch: &#039;amd64&#039;, os.version: &#039;6.1&#039;, java.version: &#039;1.8.0_181&#039;
Driver info: driver.version: ChromeDriver
remote stacktrace: Backtrace:
	Ordinal0 [0x00B8EB13+1501971]
	Ordinal0 [0x00B0F6D1+980689]
	Ordinal0 [0x00A9765F+489055]
	Ordinal0 [0x00A2F2F4+62196]
	Ordinal0 [0x00A2BCDA+48346]
	Ordinal0 [0x00A49800+169984]
	Ordinal0 [0x00A4942D+169005]
	Ordinal0 [0x00A478EB+162027]
	Ordinal0 [0x00A30AC7+68295]
	Ordinal0 [0x00A31B40+72512]
	Ordinal0 [0x00A31AD9+72409]
	Ordinal0 [0x00B28F37+1085239]
	GetHandleVerifier [0x00C2D7ED+503293]
	GetHandleVerifier [0x00C2D580+502672]
	GetHandleVerifier [0x00C346AC+531644]
	GetHandleVerifier [0x00C2DFFA+505354]
	Ordinal0 [0x00B20606+1050118]
	Ordinal0 [0x00B2047F+1049727]
	Ordinal0 [0x00B2AF9B+1093531]
	Ordinal0 [0x00B2B103+1093891]
	Ordinal0 [0x00B2A095+1089685]
	BaseThreadInitThunk [0x7493338A+18]
	RtlInitializeExceptionChain [0x76ED9902+99]
	RtlInitializeExceptionChain [0x76ED98D5+54]
">
      <![CDATA[org.openqa.selenium.SessionNotCreatedException: session not created: This version of ChromeDriver only supports Chrome version 77
Build info: version: '3.14.0', revision: 'aacccce0', time: '2018-08-02T20:19:58.91Z'
System info: host: 'ADMIN-PC', ip: '192.168.0.13', os.name: 'Windows 7', os.arch: 'amd64', os.version: '6.1', java.version: '1.8.0_181'
Driver info: driver.version: ChromeDriver
remote stacktrace: Backtrace:
Ordinal0 [0x00B8EB13+1501971]
Ordinal0 [0x00B0F6D1+980689]
Ordinal0 [0x00A9765F+489055]
Ordinal0 [0x00A2F2F4+62196]
Ordinal0 [0x00A2BCDA+48346]
Ordinal0 [0x00A49800+169984]
Ordinal0 [0x00A4942D+169005]
Ordinal0 [0x00A478EB+162027]
Ordinal0 [0x00A30AC7+68295]
Ordinal0 [0x00A31B40+72512]
Ordinal0 [0x00A31AD9+72409]
Ordinal0 [0x00B28F37+1085239]
GetHandleVerifier [0x00C2D7ED+503293]
GetHandleVerifier [0x00C2D580+502672]
GetHandleVerifier [0x00C346AC+531644]
GetHandleVerifier [0x00C2DFFA+505354]
Ordinal0 [0x00B20606+1050118]
Ordinal0 [0x00B2047F+1049727]
Ordinal0 [0x00B2AF9B+1093531]
Ordinal0 [0x00B2B103+1093891]
Ordinal0 [0x00B2A095+1089685]
BaseThreadInitThunk [0x7493338A+18]
RtlInitializeExceptionChain [0x76ED9902+99]
RtlInitializeExceptionChain [0x76ED98D5+54]

at sun.reflect.NativeConstructorAccessorImpl.newInstance0(Native Method)
at sun.reflect.NativeConstructorAccessorImpl.newInstance(Unknown Source)
at sun.reflect.DelegatingConstructorAccessorImpl.newInstance(Unknown Source)
at java.lang.reflect.Constructor.newInstance(Unknown Source)
at org.openqa.selenium.remote.W3CHandshakeResponse.lambda$new$0(W3CHandshakeResponse.java:57)
at org.openqa.selenium.remote.W3CHandshakeResponse.lambda$getResponseFunction$2(W3CHandshakeResponse.java:104)
at org.openqa.selenium.remote.ProtocolHandshake.lambda$createSession$0(ProtocolHandshake.java:122)
at java.util.stream.ReferencePipeline$3$1.accept(Unknown Source)
at java.util.Spliterators$ArraySpliterator.tryAdvance(Unknown Source)
at java.util.stream.ReferencePipeline.forEachWithCancel(Unknown Source)
at java.util.stream.AbstractPipeline.copyIntoWithCancel(Unknown Source)
at java.util.stream.AbstractPipeline.copyInto(Unknown Source)
at java.util.stream.AbstractPipeline.wrapAndCopyInto(Unknown Source)
at java.util.stream.FindOps$FindOp.evaluateSequential(Unknown Source)
at java.util.stream.AbstractPipeline.evaluate(Unknown Source)
at java.util.stream.ReferencePipeline.findFirst(Unknown Source)
at org.openqa.selenium.remote.ProtocolHandshake.createSession(ProtocolHandshake.java:125)
at org.openqa.selenium.remote.ProtocolHandshake.createSession(ProtocolHandshake.java:73)
at org.openqa.selenium.remote.HttpCommandExecutor.execute(HttpCommandExecutor.java:136)
at org.openqa.selenium.remote.service.DriverCommandExecutor.execute(DriverCommandExecutor.java:83)
at org.openqa.selenium.remote.RemoteWebDriver.execute(RemoteWebDriver.java:548)
at org.openqa.selenium.remote.RemoteWebDriver.startSession(RemoteWebDriver.java:212)
at org.openqa.selenium.remote.RemoteWebDriver.<init>(RemoteWebDriver.java:130)
at org.openqa.selenium.chrome.ChromeDriver.<init>(ChromeDriver.java:181)
at org.openqa.selenium.chrome.ChromeDriver.<init>(ChromeDriver.java:168)
at org.openqa.selenium.chrome.ChromeDriver.<init>(ChromeDriver.java:123)
at Base_class.Base_class.Open_Browser(Base_class.java:16)
at sun.reflect.NativeMethodAccessorImpl.invoke0(Native Method)
at sun.reflect.NativeMethodAccessorImpl.invoke(Unknown Source)
at sun.reflect.DelegatingMethodAccessorImpl.invoke(Unknown Source)
at java.lang.reflect.Method.invoke(Unknown Source)
at org.testng.internal.MethodInvocationHelper.invokeMethod(MethodInvocationHelper.java:124)
at org.testng.internal.MethodInvocationHelper.invokeMethodConsideringTimeout(MethodInvocationHelper.java:59)
at org.testng.internal.Invoker.invokeConfigurationMethod(Invoker.java:458)
at org.testng.internal.Invoker.invokeConfigurations(Invoker.java:222)
at org.testng.internal.Invoker.invokeConfigurations(Invoker.java:142)
at org.testng.internal.TestMethodWorker.invokeBeforeClassMethods(TestMethodWorker.java:168)
at org.testng.internal.TestMethodWorker.run(TestMethodWorker.java:105)
at org.testng.TestRunner.privateRun(TestRunner.java:648)
at org.testng.TestRunner.run(TestRunner.java:505)
at org.testng.SuiteRunner.runTest(SuiteRunner.java:455)
at org.testng.SuiteRunner.runSequentially(SuiteRunner.java:450)
at org.testng.SuiteRunner.privateRun(SuiteRunner.java:415)
at org.testng.SuiteRunner.run(SuiteRunner.java:364)
at org.testng.SuiteRunnerWorker.runSuite(SuiteRunnerWorker.java:52)
at org.testng.SuiteRunnerWorker.run(SuiteRunnerWorker.java:84)
at org.testng.TestNG.runSuitesSequentially(TestNG.java:1208)
at org.testng.TestNG.runSuitesLocally(TestNG.java:1137)
at org.testng.TestNG.runSuites(TestNG.java:1049)
at org.testng.TestNG.run(TestNG.java:1017)
at org.testng.remote.AbstractRemoteTestNG.run(AbstractRemoteTestNG.java:115)
at org.testng.remote.RemoteTestNG.initAndRun(RemoteTestNG.java:251)
at org.testng.remote.RemoteTestNG.main(RemoteTestNG.java:77)
]]>
    </error>
  </testcase> <!-- Open_Browser -->
</testsuite> <!-- Test_data.Logine_page_est -->
